app/build/intermediates/manifest_merge_blame_file/debug/processDebugMainManifest/manifest-merger-blame-debug-report.txt
1<?xml version="1.0" encoding="utf-8"?>
2<manifest xmlns:android="http://schemas.android.com/apk/res/android"
3    package="alv.splash.browser"
4    android:versionCode="8"
5    android:versionName="Edelweiss 8.6" >
6
7    <uses-sdk
8        android:minSdkVersion="21"
9        android:targetSdkVersion="35" />
10
11    <uses-permission android:name="android.permission.INTERNET" />
11-->src\main\AndroidManifest.xml:5:5-67
11-->src\main\AndroidManifest.xml:5:22-64
12    <uses-permission android:name="android.permission.READ_EXTERNAL_STORAGE" />
12-->src\main\AndroidManifest.xml:6:5-80
12-->src\main\AndroidManifest.xml:6:22-77
13    <uses-permission android:name="android.permission.ACCESS_NETWORK_STATE" />
13-->src\main\AndroidManifest.xml:7:5-79
13-->src\main\AndroidManifest.xml:7:22-76
14    <uses-permission android:name="android.permission.SYSTEM_ALERT_WINDOW" />
14-->src\main\AndroidManifest.xml:8:5-78
14-->src\main\AndroidManifest.xml:8:22-75
15    <uses-permission android:name="android.permission.BATTERY_STATS" />
15-->src\main\AndroidManifest.xml:9:5-11:47
15-->src\main\AndroidManifest.xml:10:9-56
16    <uses-permission android:name="android.permission.WAKE_LOCK" />
16-->src\main\AndroidManifest.xml:12:5-68
16-->src\main\AndroidManifest.xml:12:22-65
17    <uses-permission android:name="android.permission.FOREGROUND_SERVICE" />
17-->src\main\AndroidManifest.xml:13:5-77
17-->src\main\AndroidManifest.xml:13:22-74
18    <uses-permission android:name="android.permission.DISABLE_KEYGUARD" />
18-->src\main\AndroidManifest.xml:14:5-75
18-->src\main\AndroidManifest.xml:14:22-72
19    <uses-permission android:name="android.permission.POST_NOTIFICATIONS" />
19-->src\main\AndroidManifest.xml:15:5-77
19-->src\main\AndroidManifest.xml:15:22-74
20    <uses-permission android:name="android.permission.VIBRATE" />
20-->src\main\AndroidManifest.xml:16:5-66
20-->src\main\AndroidManifest.xml:16:22-63
21    <uses-permission android:name="android.permission.HIGH_SAMPLING_RATE_SENSORS" />
21-->[org.mozilla.geckoview:geckoview:135.0.20250216192613] AndroidManifest.xml:14:5-16:43
21-->[org.mozilla.geckoview:geckoview:135.0.20250216192613] AndroidManifest.xml:15:9-69
22    <uses-permission android:name="android.permission.MODIFY_AUDIO_SETTINGS" />
22-->[org.mozilla.geckoview:geckoview:135.0.20250216192613] AndroidManifest.xml:19:5-80
22-->[org.mozilla.geckoview:geckoview:135.0.20250216192613] AndroidManifest.xml:19:22-77
23
24    <uses-feature
24-->[org.mozilla.geckoview:geckoview:135.0.20250216192613] AndroidManifest.xml:21:5-23:36
25        android:name="android.hardware.location"
25-->[org.mozilla.geckoview:geckoview:135.0.20250216192613] AndroidManifest.xml:22:9-49
26        android:required="false" />
26-->[org.mozilla.geckoview:geckoview:135.0.20250216192613] AndroidManifest.xml:23:9-33
27    <uses-feature
27-->[org.mozilla.geckoview:geckoview:135.0.20250216192613] AndroidManifest.xml:24:5-26:36
28        android:name="android.hardware.location.gps"
28-->[org.mozilla.geckoview:geckoview:135.0.20250216192613] AndroidManifest.xml:25:9-53
29        android:required="false" />
29-->[org.mozilla.geckoview:geckoview:135.0.20250216192613] AndroidManifest.xml:26:9-33
30    <uses-feature
30-->[org.mozilla.geckoview:geckoview:135.0.20250216192613] AndroidManifest.xml:27:5-29:36
31        android:name="android.hardware.touchscreen"
31-->[org.mozilla.geckoview:geckoview:135.0.20250216192613] AndroidManifest.xml:28:9-52
32        android:required="false" />
32-->[org.mozilla.geckoview:geckoview:135.0.20250216192613] AndroidManifest.xml:29:9-33
33    <uses-feature
33-->[org.mozilla.geckoview:geckoview:135.0.20250216192613] AndroidManifest.xml:30:5-32:36
34        android:name="android.hardware.camera"
34-->[org.mozilla.geckoview:geckoview:135.0.20250216192613] AndroidManifest.xml:31:9-47
35        android:required="false" />
35-->[org.mozilla.geckoview:geckoview:135.0.20250216192613] AndroidManifest.xml:32:9-33
36    <uses-feature
36-->[org.mozilla.geckoview:geckoview:135.0.20250216192613] AndroidManifest.xml:33:5-35:36
37        android:name="android.hardware.camera.autofocus"
37-->[org.mozilla.geckoview:geckoview:135.0.20250216192613] AndroidManifest.xml:34:9-57
38        android:required="false" />
38-->[org.mozilla.geckoview:geckoview:135.0.20250216192613] AndroidManifest.xml:35:9-33
39    <uses-feature
39-->[org.mozilla.geckoview:geckoview:135.0.20250216192613] AndroidManifest.xml:36:5-38:36
40        android:name="android.hardware.audio.low_latency"
40-->[org.mozilla.geckoview:geckoview:135.0.20250216192613] AndroidManifest.xml:37:9-58
41        android:required="false" />
41-->[org.mozilla.geckoview:geckoview:135.0.20250216192613] AndroidManifest.xml:38:9-33
42    <uses-feature
42-->[org.mozilla.geckoview:geckoview:135.0.20250216192613] AndroidManifest.xml:39:5-41:36
43        android:name="android.hardware.microphone"
43-->[org.mozilla.geckoview:geckoview:135.0.20250216192613] AndroidManifest.xml:40:9-51
44        android:required="false" />
44-->[org.mozilla.geckoview:geckoview:135.0.20250216192613] AndroidManifest.xml:41:9-33
45    <uses-feature
45-->[org.mozilla.geckoview:geckoview:135.0.20250216192613] AndroidManifest.xml:42:5-44:36
46        android:name="android.hardware.camera.any"
46-->[org.mozilla.geckoview:geckoview:135.0.20250216192613] AndroidManifest.xml:43:9-51
47        android:required="false" /> <!-- GeckoView requires OpenGL ES 2.0 -->
47-->[org.mozilla.geckoview:geckoview:135.0.20250216192613] AndroidManifest.xml:44:9-33
48    <uses-feature
48-->[org.mozilla.geckoview:geckoview:135.0.20250216192613] AndroidManifest.xml:45:5-47:35
49        android:glEsVersion="0x00020000"
49-->[org.mozilla.geckoview:geckoview:135.0.20250216192613] AndroidManifest.xml:46:9-41
50        android:required="true" />
50-->[org.mozilla.geckoview:geckoview:135.0.20250216192613] AndroidManifest.xml:47:9-32
51
52    <permission
52-->[androidx.core:core:1.15.0] AndroidManifest.xml:22:5-24:47
53        android:name="alv.splash.browser.DYNAMIC_RECEIVER_NOT_EXPORTED_PERMISSION"
53-->[androidx.core:core:1.15.0] AndroidManifest.xml:23:9-81
54        android:protectionLevel="signature" />
54-->[androidx.core:core:1.15.0] AndroidManifest.xml:24:9-44
55
56    <uses-permission android:name="alv.splash.browser.DYNAMIC_RECEIVER_NOT_EXPORTED_PERMISSION" />
56-->[androidx.core:core:1.15.0] AndroidManifest.xml:26:5-97
56-->[androidx.core:core:1.15.0] AndroidManifest.xml:26:22-94
57
58    <application
58-->src\main\AndroidManifest.xml:18:5-51:19
59        android:allowBackup="true"
59-->src\main\AndroidManifest.xml:19:9-35
60        android:appComponentFactory="androidx.core.app.CoreComponentFactory"
60-->[androidx.core:core:1.15.0] AndroidManifest.xml:28:18-86
61        android:dataExtractionRules="@xml/data_extraction_rules"
61-->src\main\AndroidManifest.xml:20:9-65
62        android:debuggable="true"
63        android:extractNativeLibs="true"
64        android:fullBackupContent="@xml/backup_rules"
64-->src\main\AndroidManifest.xml:21:9-54
65        android:icon="@drawable/splash_logo"
65-->src\main\AndroidManifest.xml:22:9-45
66        android:label="@string/app_name"
66-->src\main\AndroidManifest.xml:23:9-41
67        android:roundIcon="@drawable/splash_logo"
67-->src\main\AndroidManifest.xml:24:9-50
68        android:supportsRtl="true"
68-->src\main\AndroidManifest.xml:25:9-35
69        android:theme="@style/Theme.SplashBrowser" >
69-->src\main\AndroidManifest.xml:26:9-51
70        <activity
70-->src\main\AndroidManifest.xml:27:9-32:39
71            android:name="alv.splash.browser.StartWorking"
71-->src\main\AndroidManifest.xml:31:13-41
72            android:configChanges="orientation|screenSize"
72-->src\main\AndroidManifest.xml:30:13-59
73            android:exported="true"
73-->src\main\AndroidManifest.xml:32:13-36
74            android:resizeableActivity="true"
74-->src\main\AndroidManifest.xml:29:13-46
75            android:screenOrientation="landscape" />
75-->src\main\AndroidManifest.xml:28:13-50
76        <activity
76-->src\main\AndroidManifest.xml:33:9-50:20
77            android:name="alv.splash.browser.MainActivity"
77-->src\main\AndroidManifest.xml:34:13-41
78            android:exported="true" >
78-->src\main\AndroidManifest.xml:35:13-36
79            <intent-filter>
79-->src\main\AndroidManifest.xml:36:13-40:29
80                <action android:name="android.intent.action.MAIN" />
80-->src\main\AndroidManifest.xml:37:17-69
80-->src\main\AndroidManifest.xml:37:25-66
81
82                <category android:name="android.intent.category.LAUNCHER" />
82-->src\main\AndroidManifest.xml:39:17-77
82-->src\main\AndroidManifest.xml:39:27-74
83            </intent-filter>
84            <intent-filter>
84-->src\main\AndroidManifest.xml:41:13-49:29
85                <action android:name="android.intent.action.VIEW" />
85-->src\main\AndroidManifest.xml:42:17-69
85-->src\main\AndroidManifest.xml:42:25-66
86
87                <category android:name="android.intent.category.DEFAULT" />
87-->src\main\AndroidManifest.xml:44:17-76
87-->src\main\AndroidManifest.xml:44:27-73
88                <category android:name="android.intent.category.BROWSABLE" />
88-->src\main\AndroidManifest.xml:45:17-78
88-->src\main\AndroidManifest.xml:45:27-75
89
90                <data android:scheme="http" />
90-->src\main\AndroidManifest.xml:47:17-47
90-->src\main\AndroidManifest.xml:47:23-44
91                <data android:scheme="https" />
91-->src\main\AndroidManifest.xml:47:17-47
91-->src\main\AndroidManifest.xml:47:23-44
92            </intent-filter>
93        </activity>
94
95        <service
95-->[org.mozilla.geckoview:geckoview:135.0.20250216192613] AndroidManifest.xml:50:9-56:19
96            android:name="org.mozilla.gecko.process.GeckoChildProcessServices$tab0"
96-->[org.mozilla.geckoview:geckoview:135.0.20250216192613] AndroidManifest.xml:51:13-84
97            android:enabled="true"
97-->[org.mozilla.geckoview:geckoview:135.0.20250216192613] AndroidManifest.xml:52:13-35
98            android:exported="false"
98-->[org.mozilla.geckoview:geckoview:135.0.20250216192613] AndroidManifest.xml:53:13-37
99            android:isolatedProcess="false"
99-->[org.mozilla.geckoview:geckoview:135.0.20250216192613] AndroidManifest.xml:54:13-44
100            android:process=":tab0" >
100-->[org.mozilla.geckoview:geckoview:135.0.20250216192613] AndroidManifest.xml:55:13-36
101        </service>
102        <service
102-->[org.mozilla.geckoview:geckoview:135.0.20250216192613] AndroidManifest.xml:57:9-63:19
103            android:name="org.mozilla.gecko.process.GeckoChildProcessServices$tab1"
103-->[org.mozilla.geckoview:geckoview:135.0.20250216192613] AndroidManifest.xml:58:13-84
104            android:enabled="true"
104-->[org.mozilla.geckoview:geckoview:135.0.20250216192613] AndroidManifest.xml:59:13-35
105            android:exported="false"
105-->[org.mozilla.geckoview:geckoview:135.0.20250216192613] AndroidManifest.xml:60:13-37
106            android:isolatedProcess="false"
106-->[org.mozilla.geckoview:geckoview:135.0.20250216192613] AndroidManifest.xml:61:13-44
107            android:process=":tab1" >
107-->[org.mozilla.geckoview:geckoview:135.0.20250216192613] AndroidManifest.xml:62:13-36
108        </service>
109        <service
109-->[org.mozilla.geckoview:geckoview:135.0.20250216192613] AndroidManifest.xml:64:9-70:19
110            android:name="org.mozilla.gecko.process.GeckoChildProcessServices$tab2"
110-->[org.mozilla.geckoview:geckoview:135.0.20250216192613] AndroidManifest.xml:65:13-84
111            android:enabled="true"
111-->[org.mozilla.geckoview:geckoview:135.0.20250216192613] AndroidManifest.xml:66:13-35
112            android:exported="false"
112-->[org.mozilla.geckoview:geckoview:135.0.20250216192613] AndroidManifest.xml:67:13-37
113            android:isolatedProcess="false"
113-->[org.mozilla.geckoview:geckoview:135.0.20250216192613] AndroidManifest.xml:68:13-44
114            android:process=":tab2" >
114-->[org.mozilla.geckoview:geckoview:135.0.20250216192613] AndroidManifest.xml:69:13-36
115        </service>
116        <service
116-->[org.mozilla.geckoview:geckoview:135.0.20250216192613] AndroidManifest.xml:71:9-77:19
117            android:name="org.mozilla.gecko.process.GeckoChildProcessServices$tab3"
117-->[org.mozilla.geckoview:geckoview:135.0.20250216192613] AndroidManifest.xml:72:13-84
118            android:enabled="true"
118-->[org.mozilla.geckoview:geckoview:135.0.20250216192613] AndroidManifest.xml:73:13-35
119            android:exported="false"
119-->[org.mozilla.geckoview:geckoview:135.0.20250216192613] AndroidManifest.xml:74:13-37
120            android:isolatedProcess="false"
120-->[org.mozilla.geckoview:geckoview:135.0.20250216192613] AndroidManifest.xml:75:13-44
121            android:process=":tab3" >
121-->[org.mozilla.geckoview:geckoview:135.0.20250216192613] AndroidManifest.xml:76:13-36
122        </service>
123        <service
123-->[org.mozilla.geckoview:geckoview:135.0.20250216192613] AndroidManifest.xml:78:9-84:19
124            android:name="org.mozilla.gecko.process.GeckoChildProcessServices$tab4"
124-->[org.mozilla.geckoview:geckoview:135.0.20250216192613] AndroidManifest.xml:79:13-84
125            android:enabled="true"
125-->[org.mozilla.geckoview:geckoview:135.0.20250216192613] AndroidManifest.xml:80:13-35
126            android:exported="false"
126-->[org.mozilla.geckoview:geckoview:135.0.20250216192613] AndroidManifest.xml:81:13-37
127            android:isolatedProcess="false"
127-->[org.mozilla.geckoview:geckoview:135.0.20250216192613] AndroidManifest.xml:82:13-44
128            android:process=":tab4" >
128-->[org.mozilla.geckoview:geckoview:135.0.20250216192613] AndroidManifest.xml:83:13-36
129        </service>
130        <service
130-->[org.mozilla.geckoview:geckoview:135.0.20250216192613] AndroidManifest.xml:85:9-91:19
131            android:name="org.mozilla.gecko.process.GeckoChildProcessServices$tab5"
131-->[org.mozilla.geckoview:geckoview:135.0.20250216192613] AndroidManifest.xml:86:13-84
132            android:enabled="true"
132-->[org.mozilla.geckoview:geckoview:135.0.20250216192613] AndroidManifest.xml:87:13-35
133            android:exported="false"
133-->[org.mozilla.geckoview:geckoview:135.0.20250216192613] AndroidManifest.xml:88:13-37
134            android:isolatedProcess="false"
134-->[org.mozilla.geckoview:geckoview:135.0.20250216192613] AndroidManifest.xml:89:13-44
135            android:process=":tab5" >
135-->[org.mozilla.geckoview:geckoview:135.0.20250216192613] AndroidManifest.xml:90:13-36
136        </service>
137        <service
137-->[org.mozilla.geckoview:geckoview:135.0.20250216192613] AndroidManifest.xml:92:9-98:19
138            android:name="org.mozilla.gecko.process.GeckoChildProcessServices$tab6"
138-->[org.mozilla.geckoview:geckoview:135.0.20250216192613] AndroidManifest.xml:93:13-84
139            android:enabled="true"
139-->[org.mozilla.geckoview:geckoview:135.0.20250216192613] AndroidManifest.xml:94:13-35
140            android:exported="false"
140-->[org.mozilla.geckoview:geckoview:135.0.20250216192613] AndroidManifest.xml:95:13-37
141            android:isolatedProcess="false"
141-->[org.mozilla.geckoview:geckoview:135.0.20250216192613] AndroidManifest.xml:96:13-44
142            android:process=":tab6" >
142-->[org.mozilla.geckoview:geckoview:135.0.20250216192613] AndroidManifest.xml:97:13-36
143        </service>
144        <service
144-->[org.mozilla.geckoview:geckoview:135.0.20250216192613] AndroidManifest.xml:99:9-105:19
145            android:name="org.mozilla.gecko.process.GeckoChildProcessServices$tab7"
145-->[org.mozilla.geckoview:geckoview:135.0.20250216192613] AndroidManifest.xml:100:13-84
146            android:enabled="true"
146-->[org.mozilla.geckoview:geckoview:135.0.20250216192613] AndroidManifest.xml:101:13-35
147            android:exported="false"
147-->[org.mozilla.geckoview:geckoview:135.0.20250216192613] AndroidManifest.xml:102:13-37
148            android:isolatedProcess="false"
148-->[org.mozilla.geckoview:geckoview:135.0.20250216192613] AndroidManifest.xml:103:13-44
149            android:process=":tab7" >
149-->[org.mozilla.geckoview:geckoview:135.0.20250216192613] AndroidManifest.xml:104:13-36
150        </service>
151        <service
151-->[org.mozilla.geckoview:geckoview:135.0.20250216192613] AndroidManifest.xml:106:9-112:19
152            android:name="org.mozilla.gecko.process.GeckoChildProcessServices$tab8"
152-->[org.mozilla.geckoview:geckoview:135.0.20250216192613] AndroidManifest.xml:107:13-84
153            android:enabled="true"
153-->[org.mozilla.geckoview:geckoview:135.0.20250216192613] AndroidManifest.xml:108:13-35
154            android:exported="false"
154-->[org.mozilla.geckoview:geckoview:135.0.20250216192613] AndroidManifest.xml:109:13-37
155            android:isolatedProcess="false"
155-->[org.mozilla.geckoview:geckoview:135.0.20250216192613] AndroidManifest.xml:110:13-44
156            android:process=":tab8" >
156-->[org.mozilla.geckoview:geckoview:135.0.20250216192613] AndroidManifest.xml:111:13-36
157        </service>
158        <service
158-->[org.mozilla.geckoview:geckoview:135.0.20250216192613] AndroidManifest.xml:113:9-119:19
159            android:name="org.mozilla.gecko.process.GeckoChildProcessServices$tab9"
159-->[org.mozilla.geckoview:geckoview:135.0.20250216192613] AndroidManifest.xml:114:13-84
160            android:enabled="true"
160-->[org.mozilla.geckoview:geckoview:135.0.20250216192613] AndroidManifest.xml:115:13-35
161            android:exported="false"
161-->[org.mozilla.geckoview:geckoview:135.0.20250216192613] AndroidManifest.xml:116:13-37
162            android:isolatedProcess="false"
162-->[org.mozilla.geckoview:geckoview:135.0.20250216192613] AndroidManifest.xml:117:13-44
163            android:process=":tab9" >
163-->[org.mozilla.geckoview:geckoview:135.0.20250216192613] AndroidManifest.xml:118:13-36
164        </service>
165        <service
165-->[org.mozilla.geckoview:geckoview:135.0.20250216192613] AndroidManifest.xml:120:9-126:19
166            android:name="org.mozilla.gecko.process.GeckoChildProcessServices$tab10"
166-->[org.mozilla.geckoview:geckoview:135.0.20250216192613] AndroidManifest.xml:121:13-85
167            android:enabled="true"
167-->[org.mozilla.geckoview:geckoview:135.0.20250216192613] AndroidManifest.xml:122:13-35
168            android:exported="false"
168-->[org.mozilla.geckoview:geckoview:135.0.20250216192613] AndroidManifest.xml:123:13-37
169            android:isolatedProcess="false"
169-->[org.mozilla.geckoview:geckoview:135.0.20250216192613] AndroidManifest.xml:124:13-44
170            android:process=":tab10" >
170-->[org.mozilla.geckoview:geckoview:135.0.20250216192613] AndroidManifest.xml:125:13-37
171        </service>
172        <service
172-->[org.mozilla.geckoview:geckoview:135.0.20250216192613] AndroidManifest.xml:127:9-133:19
173            android:name="org.mozilla.gecko.process.GeckoChildProcessServices$tab11"
173-->[org.mozilla.geckoview:geckoview:135.0.20250216192613] AndroidManifest.xml:128:13-85
174            android:enabled="true"
174-->[org.mozilla.geckoview:geckoview:135.0.20250216192613] AndroidManifest.xml:129:13-35
175            android:exported="false"
175-->[org.mozilla.geckoview:geckoview:135.0.20250216192613] AndroidManifest.xml:130:13-37
176            android:isolatedProcess="false"
176-->[org.mozilla.geckoview:geckoview:135.0.20250216192613] AndroidManifest.xml:131:13-44
177            android:process=":tab11" >
177-->[org.mozilla.geckoview:geckoview:135.0.20250216192613] AndroidManifest.xml:132:13-37
178        </service>
179        <service
179-->[org.mozilla.geckoview:geckoview:135.0.20250216192613] AndroidManifest.xml:134:9-140:19
180            android:name="org.mozilla.gecko.process.GeckoChildProcessServices$tab12"
180-->[org.mozilla.geckoview:geckoview:135.0.20250216192613] AndroidManifest.xml:135:13-85
181            android:enabled="true"
181-->[org.mozilla.geckoview:geckoview:135.0.20250216192613] AndroidManifest.xml:136:13-35
182            android:exported="false"
182-->[org.mozilla.geckoview:geckoview:135.0.20250216192613] AndroidManifest.xml:137:13-37
183            android:isolatedProcess="false"
183-->[org.mozilla.geckoview:geckoview:135.0.20250216192613] AndroidManifest.xml:138:13-44
184            android:process=":tab12" >
184-->[org.mozilla.geckoview:geckoview:135.0.20250216192613] AndroidManifest.xml:139:13-37
185        </service>
186        <service
186-->[org.mozilla.geckoview:geckoview:135.0.20250216192613] AndroidManifest.xml:141:9-147:19
187            android:name="org.mozilla.gecko.process.GeckoChildProcessServices$tab13"
187-->[org.mozilla.geckoview:geckoview:135.0.20250216192613] AndroidManifest.xml:142:13-85
188            android:enabled="true"
188-->[org.mozilla.geckoview:geckoview:135.0.20250216192613] AndroidManifest.xml:143:13-35
189            android:exported="false"
189-->[org.mozilla.geckoview:geckoview:135.0.20250216192613] AndroidManifest.xml:144:13-37
190            android:isolatedProcess="false"
190-->[org.mozilla.geckoview:geckoview:135.0.20250216192613] AndroidManifest.xml:145:13-44
191            android:process=":tab13" >
191-->[org.mozilla.geckoview:geckoview:135.0.20250216192613] AndroidManifest.xml:146:13-37
192        </service>
193        <service
193-->[org.mozilla.geckoview:geckoview:135.0.20250216192613] AndroidManifest.xml:148:9-154:19
194            android:name="org.mozilla.gecko.process.GeckoChildProcessServices$tab14"
194-->[org.mozilla.geckoview:geckoview:135.0.20250216192613] AndroidManifest.xml:149:13-85
195            android:enabled="true"
195-->[org.mozilla.geckoview:geckoview:135.0.20250216192613] AndroidManifest.xml:150:13-35
196            android:exported="false"
196-->[org.mozilla.geckoview:geckoview:135.0.20250216192613] AndroidManifest.xml:151:13-37
197            android:isolatedProcess="false"
197-->[org.mozilla.geckoview:geckoview:135.0.20250216192613] AndroidManifest.xml:152:13-44
198            android:process=":tab14" >
198-->[org.mozilla.geckoview:geckoview:135.0.20250216192613] AndroidManifest.xml:153:13-37
199        </service>
200        <service
200-->[org.mozilla.geckoview:geckoview:135.0.20250216192613] AndroidManifest.xml:155:9-161:19
201            android:name="org.mozilla.gecko.process.GeckoChildProcessServices$tab15"
201-->[org.mozilla.geckoview:geckoview:135.0.20250216192613] AndroidManifest.xml:156:13-85
202            android:enabled="true"
202-->[org.mozilla.geckoview:geckoview:135.0.20250216192613] AndroidManifest.xml:157:13-35
203            android:exported="false"
203-->[org.mozilla.geckoview:geckoview:135.0.20250216192613] AndroidManifest.xml:158:13-37
204            android:isolatedProcess="false"
204-->[org.mozilla.geckoview:geckoview:135.0.20250216192613] AndroidManifest.xml:159:13-44
205            android:process=":tab15" >
205-->[org.mozilla.geckoview:geckoview:135.0.20250216192613] AndroidManifest.xml:160:13-37
206        </service>
207        <service
207-->[org.mozilla.geckoview:geckoview:135.0.20250216192613] AndroidManifest.xml:162:9-168:19
208            android:name="org.mozilla.gecko.process.GeckoChildProcessServices$tab16"
208-->[org.mozilla.geckoview:geckoview:135.0.20250216192613] AndroidManifest.xml:163:13-85
209            android:enabled="true"
209-->[org.mozilla.geckoview:geckoview:135.0.20250216192613] AndroidManifest.xml:164:13-35
210            android:exported="false"
210-->[org.mozilla.geckoview:geckoview:135.0.20250216192613] AndroidManifest.xml:165:13-37
211            android:isolatedProcess="false"
211-->[org.mozilla.geckoview:geckoview:135.0.20250216192613] AndroidManifest.xml:166:13-44
212            android:process=":tab16" >
212-->[org.mozilla.geckoview:geckoview:135.0.20250216192613] AndroidManifest.xml:167:13-37
213        </service>
214        <service
214-->[org.mozilla.geckoview:geckoview:135.0.20250216192613] AndroidManifest.xml:169:9-175:19
215            android:name="org.mozilla.gecko.process.GeckoChildProcessServices$tab17"
215-->[org.mozilla.geckoview:geckoview:135.0.20250216192613] AndroidManifest.xml:170:13-85
216            android:enabled="true"
216-->[org.mozilla.geckoview:geckoview:135.0.20250216192613] AndroidManifest.xml:171:13-35
217            android:exported="false"
217-->[org.mozilla.geckoview:geckoview:135.0.20250216192613] AndroidManifest.xml:172:13-37
218            android:isolatedProcess="false"
218-->[org.mozilla.geckoview:geckoview:135.0.20250216192613] AndroidManifest.xml:173:13-44
219            android:process=":tab17" >
219-->[org.mozilla.geckoview:geckoview:135.0.20250216192613] AndroidManifest.xml:174:13-37
220        </service>
221        <service
221-->[org.mozilla.geckoview:geckoview:135.0.20250216192613] AndroidManifest.xml:176:9-182:19
222            android:name="org.mozilla.gecko.process.GeckoChildProcessServices$tab18"
222-->[org.mozilla.geckoview:geckoview:135.0.20250216192613] AndroidManifest.xml:177:13-85
223            android:enabled="true"
223-->[org.mozilla.geckoview:geckoview:135.0.20250216192613] AndroidManifest.xml:178:13-35
224            android:exported="false"
224-->[org.mozilla.geckoview:geckoview:135.0.20250216192613] AndroidManifest.xml:179:13-37
225            android:isolatedProcess="false"
225-->[org.mozilla.geckoview:geckoview:135.0.20250216192613] AndroidManifest.xml:180:13-44
226            android:process=":tab18" >
226-->[org.mozilla.geckoview:geckoview:135.0.20250216192613] AndroidManifest.xml:181:13-37
227        </service>
228        <service
228-->[org.mozilla.geckoview:geckoview:135.0.20250216192613] AndroidManifest.xml:183:9-189:19
229            android:name="org.mozilla.gecko.process.GeckoChildProcessServices$tab19"
229-->[org.mozilla.geckoview:geckoview:135.0.20250216192613] AndroidManifest.xml:184:13-85
230            android:enabled="true"
230-->[org.mozilla.geckoview:geckoview:135.0.20250216192613] AndroidManifest.xml:185:13-35
231            android:exported="false"
231-->[org.mozilla.geckoview:geckoview:135.0.20250216192613] AndroidManifest.xml:186:13-37
232            android:isolatedProcess="false"
232-->[org.mozilla.geckoview:geckoview:135.0.20250216192613] AndroidManifest.xml:187:13-44
233            android:process=":tab19" >
233-->[org.mozilla.geckoview:geckoview:135.0.20250216192613] AndroidManifest.xml:188:13-37
234        </service>
235        <service
235-->[org.mozilla.geckoview:geckoview:135.0.20250216192613] AndroidManifest.xml:190:9-196:19
236            android:name="org.mozilla.gecko.process.GeckoChildProcessServices$tab20"
236-->[org.mozilla.geckoview:geckoview:135.0.20250216192613] AndroidManifest.xml:191:13-85
237            android:enabled="true"
237-->[org.mozilla.geckoview:geckoview:135.0.20250216192613] AndroidManifest.xml:192:13-35
238            android:exported="false"
238-->[org.mozilla.geckoview:geckoview:135.0.20250216192613] AndroidManifest.xml:193:13-37
239            android:isolatedProcess="false"
239-->[org.mozilla.geckoview:geckoview:135.0.20250216192613] AndroidManifest.xml:194:13-44
240            android:process=":tab20" >
240-->[org.mozilla.geckoview:geckoview:135.0.20250216192613] AndroidManifest.xml:195:13-37
241        </service>
242        <service
242-->[org.mozilla.geckoview:geckoview:135.0.20250216192613] AndroidManifest.xml:197:9-203:19
243            android:name="org.mozilla.gecko.process.GeckoChildProcessServices$tab21"
243-->[org.mozilla.geckoview:geckoview:135.0.20250216192613] AndroidManifest.xml:198:13-85
244            android:enabled="true"
244-->[org.mozilla.geckoview:geckoview:135.0.20250216192613] AndroidManifest.xml:199:13-35
245            android:exported="false"
245-->[org.mozilla.geckoview:geckoview:135.0.20250216192613] AndroidManifest.xml:200:13-37
246            android:isolatedProcess="false"
246-->[org.mozilla.geckoview:geckoview:135.0.20250216192613] AndroidManifest.xml:201:13-44
247            android:process=":tab21" >
247-->[org.mozilla.geckoview:geckoview:135.0.20250216192613] AndroidManifest.xml:202:13-37
248        </service>
249        <service
249-->[org.mozilla.geckoview:geckoview:135.0.20250216192613] AndroidManifest.xml:204:9-210:19
250            android:name="org.mozilla.gecko.process.GeckoChildProcessServices$tab22"
250-->[org.mozilla.geckoview:geckoview:135.0.20250216192613] AndroidManifest.xml:205:13-85
251            android:enabled="true"
251-->[org.mozilla.geckoview:geckoview:135.0.20250216192613] AndroidManifest.xml:206:13-35
252            android:exported="false"
252-->[org.mozilla.geckoview:geckoview:135.0.20250216192613] AndroidManifest.xml:207:13-37
253            android:isolatedProcess="false"
253-->[org.mozilla.geckoview:geckoview:135.0.20250216192613] AndroidManifest.xml:208:13-44
254            android:process=":tab22" >
254-->[org.mozilla.geckoview:geckoview:135.0.20250216192613] AndroidManifest.xml:209:13-37
255        </service>
256        <service
256-->[org.mozilla.geckoview:geckoview:135.0.20250216192613] AndroidManifest.xml:211:9-217:19
257            android:name="org.mozilla.gecko.process.GeckoChildProcessServices$tab23"
257-->[org.mozilla.geckoview:geckoview:135.0.20250216192613] AndroidManifest.xml:212:13-85
258            android:enabled="true"
258-->[org.mozilla.geckoview:geckoview:135.0.20250216192613] AndroidManifest.xml:213:13-35
259            android:exported="false"
259-->[org.mozilla.geckoview:geckoview:135.0.20250216192613] AndroidManifest.xml:214:13-37
260            android:isolatedProcess="false"
260-->[org.mozilla.geckoview:geckoview:135.0.20250216192613] AndroidManifest.xml:215:13-44
261            android:process=":tab23" >
261-->[org.mozilla.geckoview:geckoview:135.0.20250216192613] AndroidManifest.xml:216:13-37
262        </service>
263        <service
263-->[org.mozilla.geckoview:geckoview:135.0.20250216192613] AndroidManifest.xml:218:9-224:19